<?xml version="1.0" encoding="UTF-8"?>
<!-- Generated by org.testng.reporters.JUnitReportReporter -->
<testsuite hostname="DESKTOP-V31FLPB" failures="0" tests="1" name="testpckg.creataccound" time="78.765" errors="0" timestamp="2023-11-22T19:39:56 IST" skipped="0">
  <testcase classname="testpckg.creataccound" name="test1" time="78.765"/>
  <system-out/>
</testsuite> <!-- testpckg.creataccound -->
