<?xml version="1.0" encoding="UTF-8"?>
<!-- Generated by org.testng.reporters.JUnitReportReporter -->
<testsuite hostname="DESKTOP-V31FLPB" failures="0" tests="1" name="testpckg.testscreenshort" time="2.481" errors="0" timestamp="2023-11-24T19:21:24 IST" skipped="0">
  <testcase classname="testpckg.testscreenshort" name="test1" time="2.481"/>
  <system-out/>
</testsuite> <!-- testpckg.testscreenshort -->
