<?xml version="1.0" encoding="UTF-8"?>
<!-- Generated by org.testng.reporters.JUnitReportReporter -->
<testsuite hostname="DESKTOP-V31FLPB" failures="0" tests="1" name="testpckg.testimage" time="10.861" errors="0" timestamp="2023-11-24T12:51:41 IST" skipped="0">
  <testcase classname="testpckg.testimage" name="test1" time="10.861"/>
  <system-out/>
</testsuite> <!-- testpckg.testimage -->
